<?xml version="1.0" encoding="UTF-8"?>
<testng-results skipped="0" failed="1" total="9" passed="8">
  <reporter-output>
  </reporter-output>
  <suite name="Suite" duration-ms="107266" started-at="2020-04-23T13:32:57Z" finished-at="2020-04-23T13:34:44Z">
    <groups>
    </groups>
    <test name="Test" duration-ms="107266" started-at="2020-04-23T13:32:57Z" finished-at="2020-04-23T13:34:44Z">
      <class name="TestPage.ProductPageTest">
        <test-method status="FAIL" signature="VerifyAddedtoCart()[pri:0, instance:TestPage.ProductPageTest@18bd0de]" name="VerifyAddedtoCart" duration-ms="58615" started-at="2020-04-23T19:02:57Z" finished-at="2020-04-23T19:03:56Z">
          <exception class="org.openqa.selenium.NoSuchElementException">
            <message>
              <![CDATA[no such element: Unable to locate element: {"method":"xpath","selector":"//*[@id="add_to_cart"]/button/span"}
  (Session info: chrome=81.0.4044.122)
For documentation on this error, please visit: http://seleniumhq.org/exceptions/no_such_element.html
Build info: version: '3.11.0', revision: 'e59cfb3', time: '2018-03-11T20:26:55.152Z'
System info: host: 'ACER-PC', ip: '192.168.42.198', os.name: 'Windows 7', os.arch: 'x86', os.version: '6.1', java.version: '1.8.0_65'
Driver info: org.openqa.selenium.chrome.ChromeDriver
Capabilities {acceptInsecureCerts: false, browserName: chrome, browserVersion: 81.0.4044.122, chrome: {chromedriverVersion: 80.0.3987.106 (f68069574609..., userDataDir: C:\Users\acer\AppData\Local...}, goog:chromeOptions: {debuggerAddress: localhost:49806}, javascriptEnabled: true, networkConnectionEnabled: false, pageLoadStrategy: normal, platform: WINDOWS, platformName: WINDOWS, proxy: Proxy(), setWindowRect: true, strictFileInteractability: false, timeouts: {implicit: 0, pageLoad: 300000, script: 30000}, unhandledPromptBehavior: dismiss and notify}
Session ID: 553d918a8e2607466f1318e841062805
*** Element info: {Using=xpath, value=//*[@id="add_to_cart"]/button/span}]]>
            </message>
            <full-stacktrace>
              <![CDATA[org.openqa.selenium.NoSuchElementException: no such element: Unable to locate element: {"method":"xpath","selector":"//*[@id="add_to_cart"]/button/span"}
  (Session info: chrome=81.0.4044.122)
For documentation on this error, please visit: http://seleniumhq.org/exceptions/no_such_element.html
Build info: version: '3.11.0', revision: 'e59cfb3', time: '2018-03-11T20:26:55.152Z'
System info: host: 'ACER-PC', ip: '192.168.42.198', os.name: 'Windows 7', os.arch: 'x86', os.version: '6.1', java.version: '1.8.0_65'
Driver info: org.openqa.selenium.chrome.ChromeDriver
Capabilities {acceptInsecureCerts: false, browserName: chrome, browserVersion: 81.0.4044.122, chrome: {chromedriverVersion: 80.0.3987.106 (f68069574609..., userDataDir: C:\Users\acer\AppData\Local...}, goog:chromeOptions: {debuggerAddress: localhost:49806}, javascriptEnabled: true, networkConnectionEnabled: false, pageLoadStrategy: normal, platform: WINDOWS, platformName: WINDOWS, proxy: Proxy(), setWindowRect: true, strictFileInteractability: false, timeouts: {implicit: 0, pageLoad: 300000, script: 30000}, unhandledPromptBehavior: dismiss and notify}
Session ID: 553d918a8e2607466f1318e841062805
*** Element info: {Using=xpath, value=//*[@id="add_to_cart"]/button/span}
	at sun.reflect.NativeConstructorAccessorImpl.newInstance0(Native Method)
	at sun.reflect.NativeConstructorAccessorImpl.newInstance(NativeConstructorAccessorImpl.java:62)
	at sun.reflect.DelegatingConstructorAccessorImpl.newInstance(DelegatingConstructorAccessorImpl.java:45)
	at java.lang.reflect.Constructor.newInstance(Constructor.java:422)
	at org.openqa.selenium.remote.http.W3CHttpResponseCodec.createException(W3CHttpResponseCodec.java:187)
	at org.openqa.selenium.remote.http.W3CHttpResponseCodec.decode(W3CHttpResponseCodec.java:122)
	at org.openqa.selenium.remote.http.W3CHttpResponseCodec.decode(W3CHttpResponseCodec.java:49)
	at org.openqa.selenium.remote.HttpCommandExecutor.execute(HttpCommandExecutor.java:158)
	at org.openqa.selenium.remote.service.DriverCommandExecutor.execute(DriverCommandExecutor.java:83)
	at org.openqa.selenium.remote.RemoteWebDriver.execute(RemoteWebDriver.java:545)
	at org.openqa.selenium.remote.RemoteWebDriver.findElement(RemoteWebDriver.java:319)
	at org.openqa.selenium.remote.RemoteWebDriver.findElementByXPath(RemoteWebDriver.java:421)
	at org.openqa.selenium.By$ByXPath.findElement(By.java:361)
	at org.openqa.selenium.remote.RemoteWebDriver.findElement(RemoteWebDriver.java:311)
	at org.openqa.selenium.support.pagefactory.DefaultElementLocator.findElement(DefaultElementLocator.java:69)
	at org.openqa.selenium.support.pagefactory.internal.LocatingElementHandler.invoke(LocatingElementHandler.java:38)
	at com.sun.proxy.$Proxy5.click(Unknown Source)
	at TestPage.ProductPageTest.VerifyAddedtoCart(ProductPageTest.java:51)
	at sun.reflect.NativeMethodAccessorImpl.invoke0(Native Method)
	at sun.reflect.NativeMethodAccessorImpl.invoke(NativeMethodAccessorImpl.java:62)
	at sun.reflect.DelegatingMethodAccessorImpl.invoke(DelegatingMethodAccessorImpl.java:43)
	at java.lang.reflect.Method.invoke(Method.java:497)
	at org.testng.internal.MethodInvocationHelper.invokeMethod(MethodInvocationHelper.java:80)
	at org.testng.internal.Invoker.invokeMethod(Invoker.java:714)
	at org.testng.internal.Invoker.invokeTestMethod(Invoker.java:901)
	at org.testng.internal.Invoker.invokeTestMethods(Invoker.java:1231)
	at org.testng.internal.TestMethodWorker.invokeTestMethods(TestMethodWorker.java:127)
	at org.testng.internal.TestMethodWorker.run(TestMethodWorker.java:111)
	at org.testng.TestRunner.privateRun(TestRunner.java:767)
	at org.testng.TestRunner.run(TestRunner.java:617)
	at org.testng.SuiteRunner.runTest(SuiteRunner.java:334)
	at org.testng.SuiteRunner.runSequentially(SuiteRunner.java:329)
	at org.testng.SuiteRunner.privateRun(SuiteRunner.java:291)
	at org.testng.SuiteRunner.run(SuiteRunner.java:240)
	at org.testng.SuiteRunnerWorker.runSuite(SuiteRunnerWorker.java:52)
	at org.testng.SuiteRunnerWorker.run(SuiteRunnerWorker.java:86)
	at org.testng.TestNG.runSuitesSequentially(TestNG.java:1198)
	at org.testng.TestNG.runSuitesLocally(TestNG.java:1123)
	at org.testng.TestNG.run(TestNG.java:1031)
	at org.apache.maven.surefire.testng.TestNGExecutor.run(TestNGExecutor.java:295)
	at org.apache.maven.surefire.testng.TestNGXmlTestSuite.execute(TestNGXmlTestSuite.java:84)
	at org.apache.maven.surefire.testng.TestNGProvider.invoke(TestNGProvider.java:90)
	at org.apache.maven.surefire.booter.ForkedBooter.invokeProviderInSameClassLoader(ForkedBooter.java:203)
	at org.apache.maven.surefire.booter.ForkedBooter.runSuitesInProcess(ForkedBooter.java:155)
	at org.apache.maven.surefire.booter.ForkedBooter.main(ForkedBooter.java:103)
]]>
            </full-stacktrace>
          </exception> <!-- org.openqa.selenium.NoSuchElementException -->
          <reporter-output>
          </reporter-output>
        </test-method> <!-- VerifyAddedtoCart -->
        <test-method status="PASS" signature="VerifyDescription()[pri:0, instance:TestPage.ProductPageTest@18bd0de]" name="VerifyDescription" duration-ms="17415" started-at="2020-04-23T19:03:56Z" finished-at="2020-04-23T19:04:14Z">
          <reporter-output>
          </reporter-output>
        </test-method> <!-- VerifyDescription -->
        <test-method status="PASS" signature="VerifyProductCount()[pri:0, instance:TestPage.ProductPageTest@18bd0de]" name="VerifyProductCount" duration-ms="4602" started-at="2020-04-23T19:04:14Z" finished-at="2020-04-23T19:04:18Z">
          <reporter-output>
          </reporter-output>
        </test-method> <!-- VerifyProductCount -->
        <test-method status="PASS" signature="VerifySize()[pri:0, instance:TestPage.ProductPageTest@18bd0de]" name="VerifySize" duration-ms="5384" started-at="2020-04-23T19:04:18Z" finished-at="2020-04-23T19:04:24Z">
          <reporter-output>
          </reporter-output>
        </test-method> <!-- VerifySize -->
        <test-method status="PASS" signature="VerifyTweetandShare()[pri:0, instance:TestPage.ProductPageTest@18bd0de]" name="VerifyTweetandShare" duration-ms="5232" started-at="2020-04-23T19:04:24Z" finished-at="2020-04-23T19:04:29Z">
          <reporter-output>
          </reporter-output>
        </test-method> <!-- VerifyTweetandShare -->
      </class> <!-- TestPage.ProductPageTest -->
      <class name="TestPage.HomePageTest">
        <test-method status="PASS" signature="VerifyDressesTab()[pri:0, instance:TestPage.HomePageTest@11a5887]" name="VerifyDressesTab" duration-ms="2849" started-at="2020-04-23T19:04:29Z" finished-at="2020-04-23T19:04:32Z">
          <reporter-output>
          </reporter-output>
        </test-method> <!-- VerifyDressesTab -->
        <test-method status="PASS" signature="VerifyNewsLetter()[pri:0, instance:TestPage.HomePageTest@11a5887]" name="VerifyNewsLetter" duration-ms="5502" started-at="2020-04-23T19:04:32Z" finished-at="2020-04-23T19:04:37Z">
          <reporter-output>
          </reporter-output>
        </test-method> <!-- VerifyNewsLetter -->
        <test-method status="PASS" signature="VerifyTShirtsTab()[pri:0, instance:TestPage.HomePageTest@11a5887]" name="VerifyTShirtsTab" duration-ms="2328" started-at="2020-04-23T19:04:37Z" finished-at="2020-04-23T19:04:40Z">
          <reporter-output>
          </reporter-output>
        </test-method> <!-- VerifyTShirtsTab -->
        <test-method status="PASS" signature="VerifyWomenTab()[pri:0, instance:TestPage.HomePageTest@11a5887]" name="VerifyWomenTab" duration-ms="4132" started-at="2020-04-23T19:04:40Z" finished-at="2020-04-23T19:04:44Z">
          <reporter-output>
          </reporter-output>
        </test-method> <!-- VerifyWomenTab -->
      </class> <!-- TestPage.HomePageTest -->
    </test> <!-- Test -->
  </suite> <!-- Suite -->
</testng-results>
