<?xml version="1.0" encoding="UTF-8"?>
<testsuite name="TestSuite" time="106.068" tests="9" errors="0" skipped="0" failures="1">
  <properties>
[...]
</properties>
  <testcase name="VerifyAddedtoCart" classname="TestPage.ProductPageTest" time="59.883">
    <failure message="no such element: Unable to locate element: {&quot;method&quot;:&quot;xpath&quot;,&quot;selector&quot;:&quot;//*[@id=&quot;add_to_cart&quot;]/button/span&quot;}&#10;  (Session info: chrome=81.0.4044.122)&#10;For documentation on this error, please visit: http://seleniumhq.org/exceptions/no_such_element.html&#10;Build info: version: &apos;3.11.0&apos;, revision: &apos;e59cfb3&apos;, time: &apos;2018-03-11T20:26:55.152Z&apos;&#10;System info: host: &apos;ACER-PC&apos;, ip: &apos;192.168.42.198&apos;, os.name: &apos;Windows 7&apos;, os.arch: &apos;x86&apos;, os.version: &apos;6.1&apos;, java.version: &apos;1.8.0_65&apos;&#10;Driver info: org.openqa.selenium.chrome.ChromeDriver&#10;Capabilities {acceptInsecureCerts: false, browserName: chrome, browserVersion: 81.0.4044.122, chrome: {chromedriverVersion: 80.0.3987.106 (f68069574609..., userDataDir: C:\Users\acer\AppData\Local...}, goog:chromeOptions: {debuggerAddress: localhost:49806}, javascriptEnabled: true, networkConnectionEnabled: false, pageLoadStrategy: normal, platform: WINDOWS, platformName: WINDOWS, proxy: Proxy(), setWindowRect: true, strictFileInteractability: false, timeouts: {implicit: 0, pageLoad: 300000, script: 30000}, unhandledPromptBehavior: dismiss and notify}&#10;Session ID: 553d918a8e2607466f1318e841062805&#10;*** Element info: {Using=xpath, value=//*[@id=&quot;add_to_cart&quot;]/button/span}" type="org.openqa.selenium.NoSuchElementException">org.openqa.selenium.NoSuchElementException: no such element: Unable to locate element: {"method":"xpath","selector":"//*[@id="add_to_cart"]/button/span"}
  (Session info: chrome=81.0.4044.122)
For documentation on this error, please visit: http://seleniumhq.org/exceptions/no_such_element.html
Build info: version: '3.11.0', revision: 'e59cfb3', time: '2018-03-11T20:26:55.152Z'
System info: host: 'ACER-PC', ip: '192.168.42.198', os.name: 'Windows 7', os.arch: 'x86', os.version: '6.1', java.version: '1.8.0_65'
Driver info: org.openqa.selenium.chrome.ChromeDriver
Capabilities {acceptInsecureCerts: false, browserName: chrome, browserVersion: 81.0.4044.122, chrome: {chromedriverVersion: 80.0.3987.106 (f68069574609..., userDataDir: C:\Users\acer\AppData\Local...}, goog:chromeOptions: {debuggerAddress: localhost:49806}, javascriptEnabled: true, networkConnectionEnabled: false, pageLoadStrategy: normal, platform: WINDOWS, platformName: WINDOWS, proxy: Proxy(), setWindowRect: true, strictFileInteractability: false, timeouts: {implicit: 0, pageLoad: 300000, script: 30000}, unhandledPromptBehavior: dismiss and notify}
Session ID: 553d918a8e2607466f1318e841062805
*** Element info: {Using=xpath, value=//*[@id="add_to_cart"]/button/span}
	at sun.reflect.NativeConstructorAccessorImpl.newInstance0(Native Method)
	at sun.reflect.NativeConstructorAccessorImpl.newInstance(NativeConstructorAccessorImpl.java:62)
	at sun.reflect.DelegatingConstructorAccessorImpl.newInstance(DelegatingConstructorAccessorImpl.java:45)
	at java.lang.reflect.Constructor.newInstance(Constructor.java:422)
	at org.openqa.selenium.remote.http.W3CHttpResponseCodec.createException(W3CHttpResponseCodec.java:187)
	at org.openqa.selenium.remote.http.W3CHttpResponseCodec.decode(W3CHttpResponseCodec.java:122)
	at org.openqa.selenium.remote.http.W3CHttpResponseCodec.decode(W3CHttpResponseCodec.java:49)
	at org.openqa.selenium.remote.HttpCommandExecutor.execute(HttpCommandExecutor.java:158)
	at org.openqa.selenium.remote.service.DriverCommandExecutor.execute(DriverCommandExecutor.java:83)
	at org.openqa.selenium.remote.RemoteWebDriver.execute(RemoteWebDriver.java:545)
	at org.openqa.selenium.remote.RemoteWebDriver.findElement(RemoteWebDriver.java:319)
	at org.openqa.selenium.remote.RemoteWebDriver.findElementByXPath(RemoteWebDriver.java:421)
	at org.openqa.selenium.By$ByXPath.findElement(By.java:361)
	at org.openqa.selenium.remote.RemoteWebDriver.findElement(RemoteWebDriver.java:311)
	at org.openqa.selenium.support.pagefactory.DefaultElementLocator.findElement(DefaultElementLocator.java:69)
	at org.openqa.selenium.support.pagefactory.internal.LocatingElementHandler.invoke(LocatingElementHandler.java:38)
	at com.sun.proxy.$Proxy5.click(Unknown Source)
	at TestPage.ProductPageTest.VerifyAddedtoCart(ProductPageTest.java:51)
</failure>
    <system-err><![CDATA[Starting ChromeDriver 80.0.3987.106 (f68069574609230cf9b635cd784cfb1bf81bb53a-refs/branch-heads/3987@{#882}) on port 33196
Only local connections are allowed.
Please protect ports used by ChromeDriver and related test frameworks to prevent access by malicious code.
[1587648560.598][WARNING]: This version of ChromeDriver has not been tested with Chrome version 81.
Apr 23, 2020 6:59:48 PM org.openqa.selenium.remote.ProtocolHandshake createSession
INFO: Detected dialect: W3C
[1587648729.141][SEVERE]: Timed out receiving message from renderer: 0.100
[1587648729.247][SEVERE]: Timed out receiving message from renderer: 0.100
[1587648729.359][SEVERE]: Timed out receiving message from renderer: 0.100
[1587648729.462][SEVERE]: Timed out receiving message from renderer: 0.100
[1587648729.608][SEVERE]: Timed out receiving message from renderer: 0.100
[1587648729.748][SEVERE]: Timed out receiving message from renderer: 0.100
[1587648729.849][SEVERE]: Timed out receiving message from renderer: 0.100
[1587648729.953][SEVERE]: Timed out receiving message from renderer: 0.100
[1587648730.056][SEVERE]: Timed out receiving message from renderer: 0.100
[1587648730.158][SEVERE]: Timed out receiving message from renderer: 0.100
[1587648730.261][SEVERE]: Timed out receiving message from renderer: 0.100
[1587648730.368][SEVERE]: Timed out receiving message from renderer: 0.100
[1587648730.471][SEVERE]: Timed out receiving message from renderer: 0.100
[1587648730.576][SEVERE]: Timed out receiving message from renderer: 0.100
[1587648730.679][SEVERE]: Timed out receiving message from renderer: 0.100
[1587648730.781][SEVERE]: Timed out receiving message from renderer: 0.100
[1587648730.885][SEVERE]: Timed out receiving message from renderer: 0.100
[1587648730.989][SEVERE]: Timed out receiving message from renderer: 0.100
[1587648731.092][SEVERE]: Timed out receiving message from renderer: 0.100
[1587648731.203][SEVERE]: Timed out receiving message from renderer: 0.100
[1587648731.305][SEVERE]: Timed out receiving message from renderer: 0.100
[1587648731.433][SEVERE]: Timed out receiving message from renderer: 0.100
[1587648731.535][SEVERE]: Timed out receiving message from renderer: 0.100
[1587648731.638][SEVERE]: Timed out receiving message from renderer: 0.100
[1587648731.740][SEVERE]: Timed out receiving message from renderer: 0.100
[1587648731.843][SEVERE]: Timed out receiving message from renderer: 0.100
[1587648731.945][SEVERE]: Timed out receiving message from renderer: 0.100
[1587648732.049][SEVERE]: Timed out receiving message from renderer: 0.100
[1587648732.151][SEVERE]: Timed out receiving message from renderer: 0.100
[1587648732.254][SEVERE]: Timed out receiving message from renderer: 0.100
[1587648732.355][SEVERE]: Timed out receiving message from renderer: 0.100
[1587648732.457][SEVERE]: Timed out receiving message from renderer: 0.100
[1587648732.559][SEVERE]: Timed out receiving message from renderer: 0.100
[1587648732.661][SEVERE]: Timed out receiving message from renderer: 0.100
[1587648732.764][SEVERE]: Timed out receiving message from renderer: 0.100
[1587648732.866][SEVERE]: Timed out receiving message from renderer: 0.100
[1587648732.968][SEVERE]: Timed out receiving message from renderer: 0.100
[1587648733.070][SEVERE]: Timed out receiving message from renderer: 0.100
[1587648733.186][SEVERE]: Timed out receiving message from renderer: 0.100
[1587648733.291][SEVERE]: Timed out receiving message from renderer: 0.100
[1587648733.394][SEVERE]: Timed out receiving message from renderer: 0.100
[1587648733.495][SEVERE]: Timed out receiving message from renderer: 0.100
[1587648733.598][SEVERE]: Timed out receiving message from renderer: 0.100
[1587648733.704][SEVERE]: Timed out receiving message from renderer: 0.100
[1587648733.811][SEVERE]: Timed out receiving message from renderer: 0.100
[1587648733.917][SEVERE]: Timed out receiving message from renderer: 0.100
[1587648734.026][SEVERE]: Timed out receiving message from renderer: 0.100
[1587648734.129][SEVERE]: Timed out receiving message from renderer: 0.100
[1587648734.234][SEVERE]: Timed out receiving message from renderer: 0.100
[1587648734.336][SEVERE]: Timed out receiving message from renderer: 0.100
[1587648734.438][SEVERE]: Timed out receiving message from renderer: 0.100
[1587648734.540][SEVERE]: Timed out receiving message from renderer: 0.100
[1587648734.643][SEVERE]: Timed out receiving message from renderer: 0.100
[1587648734.746][SEVERE]: Timed out receiving message from renderer: 0.100
[1587648734.849][SEVERE]: Timed out receiving message from renderer: 0.100
[1587648734.954][SEVERE]: Timed out receiving message from renderer: 0.100
[1587648735.057][SEVERE]: Timed out receiving message from renderer: 0.100
[1587648735.158][SEVERE]: Timed out receiving message from renderer: 0.100
[1587648735.261][SEVERE]: Timed out receiving message from renderer: 0.100
[1587648735.363][SEVERE]: Timed out receiving message from renderer: 0.100
[1587648735.466][SEVERE]: Timed out receiving message from renderer: 0.100
[1587648735.573][SEVERE]: Timed out receiving message from renderer: 0.100
[1587648735.697][SEVERE]: Timed out receiving message from renderer: 0.100
[1587648735.807][SEVERE]: Timed out receiving message from renderer: 0.100
[1587648735.910][SEVERE]: Timed out receiving message from renderer: 0.100
[1587648736.018][SEVERE]: Timed out receiving message from renderer: 0.100
[1587648736.123][SEVERE]: Timed out receiving message from renderer: 0.100
[1587648736.225][SEVERE]: Timed out receiving message from renderer: 0.100
[1587648736.328][SEVERE]: Timed out receiving message from renderer: 0.100
[1587648736.441][SEVERE]: Timed out receiving message from renderer: 0.100
[1587648736.557][SEVERE]: Timed out receiving message from renderer: 0.100
[1587648736.672][SEVERE]: Timed out receiving message from renderer: 0.100
[1587648736.786][SEVERE]: Timed out receiving message from renderer: 0.100
[1587648736.894][SEVERE]: Timed out receiving message from renderer: 0.100
[1587648737.004][SEVERE]: Timed out receiving message from renderer: 0.100
[1587648737.107][SEVERE]: Timed out receiving message from renderer: 0.100
[1587648737.225][SEVERE]: Timed out receiving message from renderer: 0.100
[1587648737.333][SEVERE]: Timed out receiving message from renderer: 0.100
[1587648737.435][SEVERE]: Timed out receiving message from renderer: 0.100
[1587648737.538][SEVERE]: Timed out receiving message from renderer: 0.100
[1587648737.639][SEVERE]: Timed out receiving message from renderer: 0.100
[1587648737.745][SEVERE]: Timed out receiving message from renderer: 0.100
[1587648737.851][SEVERE]: Timed out receiving message from renderer: 0.100
[1587648737.955][SEVERE]: Timed out receiving message from renderer: 0.100
[1587648738.060][SEVERE]: Timed out receiving message from renderer: 0.100
[1587648738.171][SEVERE]: Timed out receiving message from renderer: 0.100
[1587648738.275][SEVERE]: Timed out receiving message from renderer: 0.100
[1587648738.387][SEVERE]: Timed out receiving message from renderer: 0.100
[1587648738.491][SEVERE]: Timed out receiving message from renderer: 0.100
[1587648738.595][SEVERE]: Timed out receiving message from renderer: 0.100
[1587648738.699][SEVERE]: Timed out receiving message from renderer: 0.100
[1587648738.803][SEVERE]: Timed out receiving message from renderer: 0.100
[1587648738.908][SEVERE]: Timed out receiving message from renderer: 0.100
[1587648739.015][SEVERE]: Timed out receiving message from renderer: 0.100
[1587648739.120][SEVERE]: Timed out receiving message from renderer: 0.100
[1587648739.227][SEVERE]: Timed out receiving message from renderer: 0.100
[1587648739.330][SEVERE]: Timed out receiving message from renderer: 0.100
[1587648739.433][SEVERE]: Timed out receiving message from renderer: 0.100
[1587648739.539][SEVERE]: Timed out receiving message from renderer: 0.100
[1587648739.646][SEVERE]: Timed out receiving message from renderer: 0.100
[1587648739.751][SEVERE]: Timed out receiving message from renderer: 0.100
[1587648739.855][SEVERE]: Timed out receiving message from renderer: 0.100
[1587648739.959][SEVERE]: Timed out receiving message from renderer: 0.100
[1587648740.068][SEVERE]: Timed out receiving message from renderer: 0.100
[1587648740.186][SEVERE]: Timed out receiving message from renderer: 0.100
[1587648740.291][SEVERE]: Timed out receiving message from renderer: 0.100
[1587648740.399][SEVERE]: Timed out receiving message from renderer: 0.100
[1587648740.502][SEVERE]: Timed out receiving message from renderer: 0.100
[1587648740.605][SEVERE]: Timed out receiving message from renderer: 0.100
[1587648740.710][SEVERE]: Timed out receiving message from renderer: 0.100
[1587648740.818][SEVERE]: Timed out receiving message from renderer: 0.100
[1587648740.999][SEVERE]: Timed out receiving message from renderer: 0.100
[1587648741.114][SEVERE]: Timed out receiving message from renderer: 0.100
[1587648741.221][SEVERE]: Timed out receiving message from renderer: 0.100
[1587648741.327][SEVERE]: Timed out receiving message from renderer: 0.100
[1587648741.435][SEVERE]: Timed out receiving message from renderer: 0.100
[1587648741.539][SEVERE]: Timed out receiving message from renderer: 0.100
[1587648741.651][SEVERE]: Timed out receiving message from renderer: 0.100
[1587648741.754][SEVERE]: Timed out receiving message from renderer: 0.100
[1587648741.861][SEVERE]: Timed out receiving message from renderer: 0.100
[1587648741.968][SEVERE]: Timed out receiving message from renderer: 0.100
[1587648742.090][SEVERE]: Timed out receiving message from renderer: 0.100
[1587648742.195][SEVERE]: Timed out receiving message from renderer: 0.100
[1587648742.364][SEVERE]: Timed out receiving message from renderer: 0.100
[1587648742.491][SEVERE]: Timed out receiving message from renderer: 0.100
[1587648742.595][SEVERE]: Timed out receiving message from renderer: 0.100
[1587648742.701][SEVERE]: Timed out receiving message from renderer: 0.100
[1587648742.805][SEVERE]: Timed out receiving message from renderer: 0.100
[1587648742.909][SEVERE]: Timed out receiving message from renderer: 0.100
[1587648743.013][SEVERE]: Timed out receiving message from renderer: 0.100
[1587648743.117][SEVERE]: Timed out receiving message from renderer: 0.100
[1587648743.222][SEVERE]: Timed out receiving message from renderer: 0.100
[1587648743.325][SEVERE]: Timed out receiving message from renderer: 0.100
[1587648743.438][SEVERE]: Timed out receiving message from renderer: 0.100
[1587648743.545][SEVERE]: Timed out receiving message from renderer: 0.100
[1587648743.653][SEVERE]: Timed out receiving message from renderer: 0.100
[1587648743.758][SEVERE]: Timed out receiving message from renderer: 0.100
[1587648743.868][SEVERE]: Timed out receiving message from renderer: 0.100
[1587648743.971][SEVERE]: Timed out receiving message from renderer: 0.100
[1587648744.119][SEVERE]: Timed out receiving message from renderer: 0.100
[1587648744.226][SEVERE]: Timed out receiving message from renderer: 0.100
[1587648744.328][SEVERE]: Timed out receiving message from renderer: 0.100
[1587648744.435][SEVERE]: Timed out receiving message from renderer: 0.100
[1587648744.540][SEVERE]: Timed out receiving message from renderer: 0.100
[1587648744.673][SEVERE]: Timed out receiving message from renderer: 0.100
[1587648744.790][SEVERE]: Timed out receiving message from renderer: 0.100
[1587648744.896][SEVERE]: Timed out receiving message from renderer: 0.100
[1587648745.006][SEVERE]: Timed out receiving message from renderer: 0.100
[1587648745.111][SEVERE]: Timed out receiving message from renderer: 0.100
[1587648745.219][SEVERE]: Timed out receiving message from renderer: 0.100
[1587648745.323][SEVERE]: Timed out receiving message from renderer: 0.100
[1587648745.427][SEVERE]: Timed out receiving message from renderer: 0.100
[1587648745.582][SEVERE]: Timed out receiving message from renderer: 0.100
[1587648745.713][SEVERE]: Timed out receiving message from renderer: 0.100
[1587648745.850][SEVERE]: Timed out receiving message from renderer: 0.100
[1587648745.979][SEVERE]: Timed out receiving message from renderer: 0.100
[1587648746.160][SEVERE]: Timed out receiving message from renderer: 0.100
[1587648746.342][SEVERE]: Timed out receiving message from renderer: 0.100
[1587648746.460][SEVERE]: Timed out receiving message from renderer: 0.100
[1587648746.567][SEVERE]: Timed out receiving message from renderer: 0.100
[1587648746.676][SEVERE]: Timed out receiving message from renderer: 0.100
[1587648746.782][SEVERE]: Timed out receiving message from renderer: 0.100
[1587648746.891][SEVERE]: Timed out receiving message from renderer: 0.100
[1587648746.999][SEVERE]: Timed out receiving message from renderer: 0.100
[1587648747.108][SEVERE]: Timed out receiving message from renderer: 0.100
[1587648747.214][SEVERE]: Timed out receiving message from renderer: 0.100
[1587648747.318][SEVERE]: Timed out receiving message from renderer: 0.100
[1587648747.421][SEVERE]: Timed out receiving message from renderer: 0.100
[1587648747.527][SEVERE]: Timed out receiving message from renderer: 0.100
[1587648747.631][SEVERE]: Timed out receiving message from renderer: 0.100
[1587648747.748][SEVERE]: Timed out receiving message from renderer: 0.100
[1587648747.852][SEVERE]: Timed out receiving message from renderer: 0.100
[1587648747.961][SEVERE]: Timed out receiving message from renderer: 0.100
[1587648748.067][SEVERE]: Timed out receiving message from renderer: 0.100
[1587648748.171][SEVERE]: Timed out receiving message from renderer: 0.100
[1587648748.277][SEVERE]: Timed out receiving message from renderer: 0.100
[1587648748.384][SEVERE]: Timed out receiving message from renderer: 0.100
[1587648748.487][SEVERE]: Timed out receiving message from renderer: 0.100
[1587648748.594][SEVERE]: Timed out receiving message from renderer: 0.100
[1587648748.702][SEVERE]: Timed out receiving message from renderer: 0.100
[1587648748.811][SEVERE]: Timed out receiving message from renderer: 0.100
[1587648748.940][SEVERE]: Timed out receiving message from renderer: 0.100
[1587648749.043][SEVERE]: Timed out receiving message from renderer: 0.100
[1587648749.147][SEVERE]: Timed out receiving message from renderer: 0.100
[1587648749.252][SEVERE]: Timed out receiving message from renderer: 0.100
[1587648749.355][SEVERE]: Timed out receiving message from renderer: 0.100
[1587648749.458][SEVERE]: Timed out receiving message from renderer: 0.100
[1587648749.653][SEVERE]: Timed out receiving message from renderer: 0.100
[1587648749.756][SEVERE]: Timed out receiving message from renderer: 0.100
[1587648749.863][SEVERE]: Timed out receiving message from renderer: 0.100
[1587648750.083][SEVERE]: Timed out receiving message from renderer: 0.100
[1587648750.188][SEVERE]: Timed out receiving message from renderer: 0.100
[1587648750.294][SEVERE]: Timed out receiving message from renderer: 0.100
[1587648750.406][SEVERE]: Timed out receiving message from renderer: 0.100
[1587648750.512][SEVERE]: Timed out receiving message from renderer: 0.100
[1587648750.634][SEVERE]: Timed out receiving message from renderer: 0.100
[1587648750.738][SEVERE]: Timed out receiving message from renderer: 0.100
[1587648750.996][SEVERE]: Timed out receiving message from renderer: 0.100
[1587648751.131][SEVERE]: Timed out receiving message from renderer: 0.100
[1587648751.473][SEVERE]: Timed out receiving message from renderer: 0.100
[1587648751.605][SEVERE]: Timed out receiving message from renderer: 0.100
[1587648751.789][SEVERE]: Timed out receiving message from renderer: 0.100
[1587648751.909][SEVERE]: Timed out receiving message from renderer: 0.100
[1587648752.024][SEVERE]: Timed out receiving message from renderer: 0.100
[1587648752.157][SEVERE]: Timed out receiving message from renderer: 0.100
[1587648752.280][SEVERE]: Timed out receiving message from renderer: 0.100
[1587648752.407][SEVERE]: Timed out receiving message from renderer: 0.100
[1587648753.021][SEVERE]: Timed out receiving message from renderer: 0.100
[1587648753.131][SEVERE]: Timed out receiving message from renderer: 0.100
[1587648753.250][SEVERE]: Timed out receiving message from renderer: 0.100
[1587648753.376][SEVERE]: Timed out receiving message from renderer: 0.100
[1587648753.486][SEVERE]: Timed out receiving message from renderer: 0.100
[1587648753.597][SEVERE]: Timed out receiving message from renderer: 0.100
[1587648753.699][SEVERE]: Timed out receiving message from renderer: 0.100
[1587648753.801][SEVERE]: Timed out receiving message from renderer: 0.100
[1587648753.904][SEVERE]: Timed out receiving message from renderer: 0.100
[1587648754.008][SEVERE]: Timed out receiving message from renderer: 0.100
[1587648754.114][SEVERE]: Timed out receiving message from renderer: 0.100
[1587648754.219][SEVERE]: Timed out receiving message from renderer: 0.100
[1587648754.384][SEVERE]: Timed out receiving message from renderer: 0.100
[1587648754.620][SEVERE]: Timed out receiving message from renderer: 0.100
[1587648754.738][SEVERE]: Timed out receiving message from renderer: 0.100
[1587648754.845][SEVERE]: Timed out receiving message from renderer: 0.100
[1587648754.983][SEVERE]: Timed out receiving message from renderer: 0.100
[1587648755.339][SEVERE]: Timed out receiving message from renderer: 0.100
[1587648755.488][SEVERE]: Timed out receiving message from renderer: 0.100
[1587648755.595][SEVERE]: Timed out receiving message from renderer: 0.100
[1587648755.765][SEVERE]: Timed out receiving message from renderer: 0.100
[1587648755.891][SEVERE]: Timed out receiving message from renderer: 0.100
[1587648755.997][SEVERE]: Timed out receiving message from renderer: 0.100
[1587648756.100][SEVERE]: Timed out receiving message from renderer: 0.100
[1587648756.212][SEVERE]: Timed out receiving message from renderer: 0.100
[1587648756.317][SEVERE]: Timed out receiving message from renderer: 0.100
[1587648756.422][SEVERE]: Timed out receiving message from renderer: 0.100
[1587648756.526][SEVERE]: Timed out receiving message from renderer: 0.100
[1587648756.632][SEVERE]: Timed out receiving message from renderer: 0.100
[1587648756.799][SEVERE]: Timed out receiving message from renderer: 0.100
[1587648756.906][SEVERE]: Timed out receiving message from renderer: 0.100
[1587648757.010][SEVERE]: Timed out receiving message from renderer: 0.100
[1587648757.114][SEVERE]: Timed out receiving message from renderer: 0.100
[1587648757.216][SEVERE]: Timed out receiving message from renderer: 0.100
[1587648757.323][SEVERE]: Timed out receiving message from renderer: 0.100
[1587648757.447][SEVERE]: Timed out receiving message from renderer: 0.100
[1587648757.566][SEVERE]: Timed out receiving message from renderer: 0.100
[1587648757.707][SEVERE]: Timed out receiving message from renderer: 0.100
[1587648757.829][SEVERE]: Timed out receiving message from renderer: 0.100
[1587648757.946][SEVERE]: Timed out receiving message from renderer: 0.100
[1587648758.138][SEVERE]: Timed out receiving message from renderer: 0.100
[1587648758.248][SEVERE]: Timed out receiving message from renderer: 0.100
[1587648758.351][SEVERE]: Timed out receiving message from renderer: 0.100
[1587648758.457][SEVERE]: Timed out receiving message from renderer: 0.100
[1587648758.627][SEVERE]: Timed out receiving message from renderer: 0.100
[1587648758.757][SEVERE]: Timed out receiving message from renderer: 0.100
[1587648758.862][SEVERE]: Timed out receiving message from renderer: 0.100
[1587648758.969][SEVERE]: Timed out receiving message from renderer: 0.100
[1587648759.108][SEVERE]: Timed out receiving message from renderer: 0.100
[1587648759.210][SEVERE]: Timed out receiving message from renderer: 0.100
[1587648759.314][SEVERE]: Timed out receiving message from renderer: 0.100
[1587648759.417][SEVERE]: Timed out receiving message from renderer: 0.100
[1587648759.585][SEVERE]: Timed out receiving message from renderer: 0.100
[1587648759.711][SEVERE]: Timed out receiving message from renderer: 0.100
[1587648759.905][SEVERE]: Timed out receiving message from renderer: 0.100
[1587648760.009][SEVERE]: Timed out receiving message from renderer: 0.100
[1587648760.216][SEVERE]: Timed out receiving message from renderer: 0.100
[1587648760.319][SEVERE]: Timed out receiving message from renderer: 0.100
[1587648760.432][SEVERE]: Timed out receiving message from renderer: 0.100
[1587648760.557][SEVERE]: Timed out receiving message from renderer: 0.100
[1587648760.742][SEVERE]: Timed out receiving message from renderer: 0.100
[1587648760.847][SEVERE]: Timed out receiving message from renderer: 0.100
[1587648760.953][SEVERE]: Timed out receiving message from renderer: 0.100
[1587648761.495][SEVERE]: Timed out receiving message from renderer: 0.100
[1587648761.598][SEVERE]: Timed out receiving message from renderer: 0.100
[1587648761.705][SEVERE]: Timed out receiving message from renderer: 0.100
[1587648761.813][SEVERE]: Timed out receiving message from renderer: 0.100
[1587648761.918][SEVERE]: Timed out receiving message from renderer: 0.100
[1587648762.135][SEVERE]: Timed out receiving message from renderer: 0.100
[1587648762.239][SEVERE]: Timed out receiving message from renderer: 0.100
[1587648762.346][SEVERE]: Timed out receiving message from renderer: 0.100
[1587648762.453][SEVERE]: Timed out receiving message from renderer: 0.100
[1587648762.557][SEVERE]: Timed out receiving message from renderer: 0.100
[1587648762.662][SEVERE]: Timed out receiving message from renderer: 0.100
[1587648762.774][SEVERE]: Timed out receiving message from renderer: 0.100
[1587648762.881][SEVERE]: Timed out receiving message from renderer: 0.100
[1587648762.985][SEVERE]: Timed out receiving message from renderer: 0.100
[1587648763.088][SEVERE]: Timed out receiving message from renderer: 0.100
[1587648763.213][SEVERE]: Timed out receiving message from renderer: 0.100
[1587648763.326][SEVERE]: Timed out receiving message from renderer: 0.100
[1587648763.428][SEVERE]: Timed out receiving message from renderer: 0.100
[1587648763.542][SEVERE]: Timed out receiving message from renderer: 0.100
[1587648763.806][SEVERE]: Timed out receiving message from renderer: 0.100
[1587648763.909][SEVERE]: Timed out receiving message from renderer: 0.100
[1587648764.012][SEVERE]: Timed out receiving message from renderer: 0.100
[1587648764.126][SEVERE]: Timed out receiving message from renderer: 0.100
[1587648764.245][SEVERE]: Timed out receiving message from renderer: 0.100
[1587648764.431][SEVERE]: Timed out receiving message from renderer: 0.100
[1587648764.533][SEVERE]: Timed out receiving message from renderer: 0.100
[1587648764.643][SEVERE]: Timed out receiving message from renderer: 0.100
[1587648764.876][SEVERE]: Timed out receiving message from renderer: 0.100
[1587648764.979][SEVERE]: Timed out receiving message from renderer: 0.100
[1587648765.085][SEVERE]: Timed out receiving message from renderer: 0.100
[1587648765.187][SEVERE]: Timed out receiving message from renderer: 0.100
[1587648765.290][SEVERE]: Timed out receiving message from renderer: 0.100
[1587648765.393][SEVERE]: Timed out receiving message from renderer: 0.100
[1587648765.496][SEVERE]: Timed out receiving message from renderer: 0.100
[1587648765.607][SEVERE]: Timed out receiving message from renderer: 0.100
[1587648765.714][SEVERE]: Timed out receiving message from renderer: 0.100
[1587648765.825][SEVERE]: Timed out receiving message from renderer: 0.100
[1587648765.937][SEVERE]: Timed out receiving message from renderer: 0.100
[1587648766.040][SEVERE]: Timed out receiving message from renderer: 0.100
[1587648766.145][SEVERE]: Timed out receiving message from renderer: 0.100
[1587648766.274][SEVERE]: Timed out receiving message from renderer: 0.100
[1587648766.381][SEVERE]: Timed out receiving message from renderer: 0.100
[1587648766.491][SEVERE]: Timed out receiving message from renderer: 0.100
[1587648766.598][SEVERE]: Timed out receiving message from renderer: 0.100
[1587648766.703][SEVERE]: Timed out receiving message from renderer: 0.100
[1587648766.806][SEVERE]: Timed out receiving message from renderer: 0.100
[1587648766.947][SEVERE]: Timed out receiving message from renderer: 0.100
[1587648767.099][SEVERE]: Timed out receiving message from renderer: 0.100
[1587648767.267][SEVERE]: Timed out receiving message from renderer: 0.100
[1587648767.372][SEVERE]: Timed out receiving message from renderer: 0.100
[1587648767.480][SEVERE]: Timed out receiving message from renderer: 0.100
[1587648767.582][SEVERE]: Timed out receiving message from renderer: 0.100
[1587648767.685][SEVERE]: Timed out receiving message from renderer: 0.100
[1587648767.787][SEVERE]: Timed out receiving message from renderer: 0.100
[1587648767.891][SEVERE]: Timed out receiving message from renderer: 0.100
[1587648767.995][SEVERE]: Timed out receiving message from renderer: 0.100
[1587648768.100][SEVERE]: Timed out receiving message from renderer: 0.100
[1587648768.204][SEVERE]: Timed out receiving message from renderer: 0.100
[1587648768.307][SEVERE]: Timed out receiving message from renderer: 0.100
[1587648768.412][SEVERE]: Timed out receiving message from renderer: 0.100
[1587648768.521][SEVERE]: Timed out receiving message from renderer: 0.100
[1587648768.624][SEVERE]: Timed out receiving message from renderer: 0.100
[1587648768.729][SEVERE]: Timed out receiving message from renderer: 0.100
[1587648768.833][SEVERE]: Timed out receiving message from renderer: 0.100
[1587648768.936][SEVERE]: Timed out receiving message from renderer: 0.100
[1587648769.039][SEVERE]: Timed out receiving message from renderer: 0.100
[1587648769.190][SEVERE]: Timed out receiving message from renderer: 0.100
[1587648769.364][SEVERE]: Timed out receiving message from renderer: 0.100
[1587648769.721][SEVERE]: Timed out receiving message from renderer: 0.100
[1587648769.907][SEVERE]: Timed out receiving message from renderer: 0.100
[1587648770.024][SEVERE]: Timed out receiving message from renderer: 0.100
[1587648770.151][SEVERE]: Timed out receiving message from renderer: 0.100
[1587648770.307][SEVERE]: Timed out receiving message from renderer: 0.100
[1587648770.469][SEVERE]: Timed out receiving message from renderer: 0.100
[1587648770.575][SEVERE]: Timed out receiving message from renderer: 0.100
[1587648770.683][SEVERE]: Timed out receiving message from renderer: 0.100
[1587648770.789][SEVERE]: Timed out receiving message from renderer: 0.100
[1587648770.894][SEVERE]: Timed out receiving message from renderer: 0.100
[1587648771.051][SEVERE]: Timed out receiving message from renderer: 0.100
[1587648771.183][SEVERE]: Timed out receiving message from renderer: 0.100
[1587648771.343][SEVERE]: Timed out receiving message from renderer: 0.100
[1587648772.059][SEVERE]: Timed out receiving message from renderer: 0.100
[1587648772.165][SEVERE]: Timed out receiving message from renderer: 0.100
[1587648772.277][SEVERE]: Timed out receiving message from renderer: 0.100
[1587648772.388][SEVERE]: Timed out receiving message from renderer: 0.100
[1587648772.493][SEVERE]: Timed out receiving message from renderer: 0.100
[1587648772.603][SEVERE]: Timed out receiving message from renderer: 0.100
[1587648772.711][SEVERE]: Timed out receiving message from renderer: 0.100
[1587648772.892][SEVERE]: Timed out receiving message from renderer: 0.100
[1587648786.580][SEVERE]: Timed out receiving message from renderer: 0.100
[1587648786.688][SEVERE]: Timed out receiving message from renderer: 0.100
[1587648786.800][SEVERE]: Timed out receiving message from renderer: 0.100
[1587648786.907][SEVERE]: Timed out receiving message from renderer: 0.100
[1587648787.019][SEVERE]: Timed out receiving message from renderer: 0.100
[1587648787.122][SEVERE]: Timed out receiving message from renderer: 0.100
[1587648787.227][SEVERE]: Timed out receiving message from renderer: 0.100
[1587648787.331][SEVERE]: Timed out receiving message from renderer: 0.100
[1587648787.437][SEVERE]: Timed out receiving message from renderer: 0.100
[1587648787.542][SEVERE]: Timed out receiving message from renderer: 0.100
[1587648787.650][SEVERE]: Timed out receiving message from renderer: 0.100
[1587648787.769][SEVERE]: Timed out receiving message from renderer: 0.100
[1587648787.896][SEVERE]: Timed out receiving message from renderer: 0.100
[1587648788.012][SEVERE]: Timed out receiving message from renderer: 0.100
[1587648788.117][SEVERE]: Timed out receiving message from renderer: 0.100
[1587648788.227][SEVERE]: Timed out receiving message from renderer: 0.100
[1587648788.335][SEVERE]: Timed out receiving message from renderer: 0.100
[1587648788.441][SEVERE]: Timed out receiving message from renderer: 0.100
[1587648788.556][SEVERE]: Timed out receiving message from renderer: 0.100
[1587648788.714][SEVERE]: Timed out receiving message from renderer: 0.100
[1587648788.816][SEVERE]: Timed out receiving message from renderer: 0.100
[1587648788.919][SEVERE]: Timed out receiving message from renderer: 0.100
[1587648789.028][SEVERE]: Timed out receiving message from renderer: 0.100
[1587648789.135][SEVERE]: Timed out receiving message from renderer: 0.100
[1587648789.242][SEVERE]: Timed out receiving message from renderer: 0.100
[1587648789.408][SEVERE]: Timed out receiving message from renderer: 0.100
[1587648789.580][SEVERE]: Timed out receiving message from renderer: 0.100
[1587648789.684][SEVERE]: Timed out receiving message from renderer: 0.100
[1587648789.787][SEVERE]: Timed out receiving message from renderer: 0.100
[1587648789.892][SEVERE]: Timed out receiving message from renderer: 0.100
[1587648790.070][SEVERE]: Timed out receiving message from renderer: 0.100
[1587648790.182][SEVERE]: Timed out receiving message from renderer: 0.100
[1587648790.287][SEVERE]: Timed out receiving message from renderer: 0.100
[1587648790.428][SEVERE]: Timed out receiving message from renderer: 0.100
[1587648790.536][SEVERE]: Timed out receiving message from renderer: 0.100
[1587648790.646][SEVERE]: Timed out receiving message from renderer: 0.100
[1587648790.750][SEVERE]: Timed out receiving message from renderer: 0.100
[1587648790.853][SEVERE]: Timed out receiving message from renderer: 0.100
[1587648790.955][SEVERE]: Timed out receiving message from renderer: 0.100
[1587648791.069][SEVERE]: Timed out receiving message from renderer: 0.100
[1587648791.203][SEVERE]: Timed out receiving message from renderer: 0.100
[1587648791.322][SEVERE]: Timed out receiving message from renderer: 0.100
[1587648791.436][SEVERE]: Timed out receiving message from renderer: 0.100
[1587648791.542][SEVERE]: Timed out receiving message from renderer: 0.100
[1587648791.656][SEVERE]: Timed out receiving message from renderer: 0.100
[1587648791.780][SEVERE]: Timed out receiving message from renderer: 0.100
[1587648791.884][SEVERE]: Timed out receiving message from renderer: 0.100
[1587648791.986][SEVERE]: Timed out receiving message from renderer: 0.100
[1587648792.088][SEVERE]: Timed out receiving message from renderer: 0.100
[1587648792.190][SEVERE]: Timed out receiving message from renderer: 0.100
[1587648792.293][SEVERE]: Timed out receiving message from renderer: 0.100
[1587648792.396][SEVERE]: Timed out receiving message from renderer: 0.100
[1587648792.498][SEVERE]: Timed out receiving message from renderer: 0.100
[1587648792.600][SEVERE]: Timed out receiving message from renderer: 0.100
[1587648792.703][SEVERE]: Timed out receiving message from renderer: 0.100
[1587648792.805][SEVERE]: Timed out receiving message from renderer: 0.100
[1587648792.908][SEVERE]: Timed out receiving message from renderer: 0.100
[1587648793.010][SEVERE]: Timed out receiving message from renderer: 0.100
[1587648793.112][SEVERE]: Timed out receiving message from renderer: 0.100
[1587648793.214][SEVERE]: Timed out receiving message from renderer: 0.100
[1587648793.319][SEVERE]: Timed out receiving message from renderer: 0.100
[1587648793.422][SEVERE]: Timed out receiving message from renderer: 0.100
[1587648793.524][SEVERE]: Timed out receiving message from renderer: 0.100
[1587648793.626][SEVERE]: Timed out receiving message from renderer: 0.100
[1587648793.729][SEVERE]: Timed out receiving message from renderer: 0.100
[1587648793.831][SEVERE]: Timed out receiving message from renderer: 0.100
[1587648793.934][SEVERE]: Timed out receiving message from renderer: 0.100
[1587648794.039][SEVERE]: Timed out receiving message from renderer: 0.100
[1587648794.145][SEVERE]: Timed out receiving message from renderer: 0.100
[1587648794.247][SEVERE]: Timed out receiving message from renderer: 0.100
[1587648794.349][SEVERE]: Timed out receiving message from renderer: 0.100
[1587648794.452][SEVERE]: Timed out receiving message from renderer: 0.100
[1587648794.554][SEVERE]: Timed out receiving message from renderer: 0.100
[1587648794.657][SEVERE]: Timed out receiving message from renderer: 0.100
[1587648794.759][SEVERE]: Timed out receiving message from renderer: 0.100
[1587648794.862][SEVERE]: Timed out receiving message from renderer: 0.100
[1587648794.965][SEVERE]: Timed out receiving message from renderer: 0.100
[1587648795.067][SEVERE]: Timed out receiving message from renderer: 0.100
[1587648795.174][SEVERE]: Timed out receiving message from renderer: 0.100
[1587648795.277][SEVERE]: Timed out receiving message from renderer: 0.100
[1587648795.379][SEVERE]: Timed out receiving message from renderer: 0.100
[1587648795.482][SEVERE]: Timed out receiving message from renderer: 0.100
[1587648795.585][SEVERE]: Timed out receiving message from renderer: 0.100
[1587648795.688][SEVERE]: Timed out receiving message from renderer: 0.100
[1587648795.807][SEVERE]: Timed out receiving message from renderer: 0.100
[1587648795.910][SEVERE]: Timed out receiving message from renderer: 0.100
[1587648796.014][SEVERE]: Timed out receiving message from renderer: 0.100
[1587648798.551][SEVERE]: Timed out receiving message from renderer: 0.100
[1587648798.654][SEVERE]: Timed out receiving message from renderer: 0.100
[1587648798.756][SEVERE]: Timed out receiving message from renderer: 0.100
[1587648798.859][SEVERE]: Timed out receiving message from renderer: 0.100
[1587648798.961][SEVERE]: Timed out receiving message from renderer: 0.100
[1587648799.181][SEVERE]: Timed out receiving message from renderer: 0.100
[1587648799.283][SEVERE]: Timed out receiving message from renderer: 0.100
[1587648799.387][SEVERE]: Timed out receiving message from renderer: 0.100
[1587648799.587][SEVERE]: Timed out receiving message from renderer: 0.100
[1587648799.690][SEVERE]: Timed out receiving message from renderer: 0.100
[1587648799.792][SEVERE]: Timed out receiving message from renderer: 0.100
[1587648799.895][SEVERE]: Timed out receiving message from renderer: 0.100
[1587648799.997][SEVERE]: Timed out receiving message from renderer: 0.100
[1587648800.101][SEVERE]: Timed out receiving message from renderer: 0.100
[1587648800.203][SEVERE]: Timed out receiving message from renderer: 0.100
[1587648800.305][SEVERE]: Timed out receiving message from renderer: 0.100
[1587648800.408][SEVERE]: Timed out receiving message from renderer: 0.100
[1587648800.511][SEVERE]: Timed out receiving message from renderer: 0.100
[1587648800.613][SEVERE]: Timed out receiving message from renderer: 0.100
[1587648800.730][SEVERE]: Timed out receiving message from renderer: 0.100
[1587648800.833][SEVERE]: Timed out receiving message from renderer: 0.100
[1587648800.937][SEVERE]: Timed out receiving message from renderer: 0.100
[1587648801.039][SEVERE]: Timed out receiving message from renderer: 0.100
[1587648801.142][SEVERE]: Timed out receiving message from renderer: 0.100
[1587648801.244][SEVERE]: Timed out receiving message from renderer: 0.100
[1587648801.346][SEVERE]: Timed out receiving message from renderer: 0.100
[1587648801.448][SEVERE]: Timed out receiving message from renderer: 0.100
[1587648801.551][SEVERE]: Timed out receiving message from renderer: 0.100
[1587648801.660][SEVERE]: Timed out receiving message from renderer: 0.100
[1587648801.767][SEVERE]: Timed out receiving message from renderer: 0.100
[1587648802.780][SEVERE]: Timed out receiving message from renderer: 0.100
[1587648802.930][SEVERE]: Timed out receiving message from renderer: 0.100
[1587648803.031][SEVERE]: Timed out receiving message from renderer: 0.100
[1587648803.134][SEVERE]: Timed out receiving message from renderer: 0.100
[1587648803.235][SEVERE]: Timed out receiving message from renderer: 0.100
[1587648803.337][SEVERE]: Timed out receiving message from renderer: 0.100
[1587648803.439][SEVERE]: Timed out receiving message from renderer: 0.100
[1587648803.553][SEVERE]: Timed out receiving message from renderer: 0.100
[1587648803.655][SEVERE]: Timed out receiving message from renderer: 0.100
[1587648803.756][SEVERE]: Timed out receiving message from renderer: 0.100
[1587648803.865][SEVERE]: Timed out receiving message from renderer: 0.100
[1587648803.968][SEVERE]: Timed out receiving message from renderer: 0.100
[1587648804.207][SEVERE]: Timed out receiving message from renderer: 0.100
[1587648804.311][SEVERE]: Timed out receiving message from renderer: 0.100
[1587648804.414][SEVERE]: Timed out receiving message from renderer: 0.100
[1587648804.516][SEVERE]: Timed out receiving message from renderer: 0.100
[1587648804.618][SEVERE]: Timed out receiving message from renderer: 0.100
[1587648804.722][SEVERE]: Timed out receiving message from renderer: 0.100
[1587648804.824][SEVERE]: Timed out receiving message from renderer: 0.100
[1587648804.930][SEVERE]: Timed out receiving message from renderer: 0.100
[1587648805.033][SEVERE]: Timed out receiving message from renderer: 0.100
[1587648805.136][SEVERE]: Timed out receiving message from renderer: 0.100
[1587648805.238][SEVERE]: Timed out receiving message from renderer: 0.100
[1587648805.340][SEVERE]: Timed out receiving message from renderer: 0.100
[1587648806.605][SEVERE]: Timed out receiving message from renderer: 0.100
[1587648806.709][SEVERE]: Timed out receiving message from renderer: 0.100
[1587648806.840][SEVERE]: Timed out receiving message from renderer: 0.100
[1587648806.944][SEVERE]: Timed out receiving message from renderer: 0.100
[1587648807.047][SEVERE]: Timed out receiving message from renderer: 0.100
[1587648807.154][SEVERE]: Timed out receiving message from renderer: 0.100
[1587648807.259][SEVERE]: Timed out receiving message from renderer: 0.100
[1587648807.363][SEVERE]: Timed out receiving message from renderer: 0.100
[1587648807.477][SEVERE]: Timed out receiving message from renderer: 0.100
[1587648807.581][SEVERE]: Timed out receiving message from renderer: 0.100
[1587648807.686][SEVERE]: Timed out receiving message from renderer: 0.100
[1587648807.787][SEVERE]: Timed out receiving message from renderer: 0.100
[1587648807.892][SEVERE]: Timed out receiving message from renderer: 0.100
[1587648808.000][SEVERE]: Timed out receiving message from renderer: 0.100
[1587648808.103][SEVERE]: Timed out receiving message from renderer: 0.100
[1587648808.207][SEVERE]: Timed out receiving message from renderer: 0.100
[1587648808.312][SEVERE]: Timed out receiving message from renderer: 0.100
[1587648808.423][SEVERE]: Timed out receiving message from renderer: 0.100
[1587648808.533][SEVERE]: Timed out receiving message from renderer: 0.100
[1587648808.641][SEVERE]: Timed out receiving message from renderer: 0.100
[1587648808.744][SEVERE]: Timed out receiving message from renderer: 0.100
[1587648808.850][SEVERE]: Timed out receiving message from renderer: 0.100
[1587648808.953][SEVERE]: Timed out receiving message from renderer: 0.100
[1587648809.056][SEVERE]: Timed out receiving message from renderer: 0.100
[1587648809.161][SEVERE]: Timed out receiving message from renderer: 0.100
[1587648809.264][SEVERE]: Timed out receiving message from renderer: 0.100
[1587648809.367][SEVERE]: Timed out receiving message from renderer: 0.100
[1587648809.473][SEVERE]: Timed out receiving message from renderer: 0.100
[1587648809.593][SEVERE]: Timed out receiving message from renderer: 0.100
[1587648809.716][SEVERE]: Timed out receiving message from renderer: 0.100
[1587648809.830][SEVERE]: Timed out receiving message from renderer: 0.100
[1587648809.935][SEVERE]: Timed out receiving message from renderer: 0.100
[1587648810.037][SEVERE]: Timed out receiving message from renderer: 0.100
[1587648810.144][SEVERE]: Timed out receiving message from renderer: 0.100
[1587648810.250][SEVERE]: Timed out receiving message from renderer: 0.100
[1587648810.352][SEVERE]: Timed out receiving message from renderer: 0.100
[1587648810.462][SEVERE]: Timed out receiving message from renderer: 0.100
[1587648810.565][SEVERE]: Timed out receiving message from renderer: 0.100
[1587648810.671][SEVERE]: Timed out receiving message from renderer: 0.100
[1587648810.778][SEVERE]: Timed out receiving message from renderer: 0.100
[1587648810.886][SEVERE]: Timed out receiving message from renderer: 0.100
[1587648810.989][SEVERE]: Timed out receiving message from renderer: 0.100
[1587648811.090][SEVERE]: Timed out receiving message from renderer: 0.100
[1587648811.193][SEVERE]: Timed out receiving message from renderer: 0.100
[1587648811.295][SEVERE]: Timed out receiving message from renderer: 0.100
[1587648811.397][SEVERE]: Timed out receiving message from renderer: 0.100
[1587648811.500][SEVERE]: Timed out receiving message from renderer: 0.100
[1587648811.602][SEVERE]: Timed out receiving message from renderer: 0.100
[1587648811.705][SEVERE]: Timed out receiving message from renderer: 0.100
[1587648811.808][SEVERE]: Timed out receiving message from renderer: 0.100
[1587648811.917][SEVERE]: Timed out receiving message from renderer: 0.100
[1587648812.025][SEVERE]: Timed out receiving message from renderer: 0.100
[1587648812.130][SEVERE]: Timed out receiving message from renderer: 0.100
[1587648812.236][SEVERE]: Timed out receiving message from renderer: 0.100
[1587648812.346][SEVERE]: Timed out receiving message from renderer: 0.100
[1587648812.451][SEVERE]: Timed out receiving message from renderer: 0.100
[1587648812.557][SEVERE]: Timed out receiving message from renderer: 0.100
[1587648812.664][SEVERE]: Timed out receiving message from renderer: 0.100
[1587648812.766][SEVERE]: Timed out receiving message from renderer: 0.100
[1587648812.869][SEVERE]: Timed out receiving message from renderer: 0.100
[1587648812.977][SEVERE]: Timed out receiving message from renderer: 0.100
[1587648813.081][SEVERE]: Timed out receiving message from renderer: 0.100
[1587648813.189][SEVERE]: Timed out receiving message from renderer: 0.100
[1587648813.296][SEVERE]: Timed out receiving message from renderer: 0.100
[1587648813.405][SEVERE]: Timed out receiving message from renderer: 0.100
[1587648813.507][SEVERE]: Timed out receiving message from renderer: 0.100
[1587648813.618][SEVERE]: Timed out receiving message from renderer: 0.100
[1587648813.722][SEVERE]: Timed out receiving message from renderer: 0.100
[1587648813.835][SEVERE]: Timed out receiving message from renderer: 0.100
[1587648813.938][SEVERE]: Timed out receiving message from renderer: 0.100
[1587648814.041][SEVERE]: Timed out receiving message from renderer: 0.100
[1587648814.143][SEVERE]: Timed out receiving message from renderer: 0.100
[1587648814.250][SEVERE]: Timed out receiving message from renderer: 0.100
[1587648814.353][SEVERE]: Timed out receiving message from renderer: 0.100
[1587648814.455][SEVERE]: Timed out receiving message from renderer: 0.100
[1587648814.560][SEVERE]: Timed out receiving message from renderer: 0.100
[1587648814.669][SEVERE]: Timed out receiving message from renderer: 0.100
]]></system-err>
  </testcase>
  <testcase name="VerifyDescription" classname="TestPage.ProductPageTest" time="16.158"/>
  <testcase name="VerifyProductCount" classname="TestPage.ProductPageTest" time="4.6"/>
  <testcase name="VerifySize" classname="TestPage.ProductPageTest" time="5.383"/>
  <testcase name="VerifyTweetandShare" classname="TestPage.ProductPageTest" time="5.231"/>
  <testcase name="VerifyDressesTab" classname="TestPage.HomePageTest" time="2.856"/>
  <testcase name="VerifyNewsLetter" classname="TestPage.HomePageTest" time="5.495"/>
  <testcase name="VerifyTShirtsTab" classname="TestPage.HomePageTest" time="2.329"/>
  <testcase name="VerifyWomenTab" classname="TestPage.HomePageTest" time="4.133"/>
</testsuite>